# JRE version: Java(TM) SE Runtime Environment (20.0.1+9) (build 20.0.1+9-29)
# Java VM: Java HotSpot(TM) 64-Bit Server VM (20.0.1+9-29, mixed mode, emulated-client, sharing, tiered, compressed oops, compressed class ptrs, g1 gc, windows-amd64)
GC Precious Log:
 CardTable entry size: 512
 Card Set container configuration: InlinePtr #cards 4 size 8 Array Of Cards #cards 16 size 48 Howl #buckets 8 coarsen threshold 3686 Howl Bitmap #cards 512 size 80 coarsen threshold 460 Card regions per heap region 1 cards per card region 4096
 CPUs: 16 total, 16 available
 Memory: 16218M
 Large Page Support: Disabled
 NUMA Support: Disabled
 Compressed Oops: Enabled (Zero based)
 Heap Region Size: 2M
 Heap Min Capacity: 8M
 Heap Initial Capacity: 254M
 Heap Max Capacity: 4056M
 Pre-touch: Disabled
 Parallel Workers: 13
 Concurrent Workers: 3
 Concurrent Refinement Workers: 13
 Periodic GC: Disabled
Heap:
 garbage-first heap   total 61440K, used 42642K [0x0000000702800000, 0x0000000800000000)
  region size 2048K, 9 young (18432K), 2 survivors (4096K)
 Metaspace       used 67816K, committed 68928K, reserved 1114112K
  class space    used 9505K, committed 9920K, reserved 1048576K
GC Heap History (20 events):
Event: 21.337 GC heap after
{Heap after GC invocations=18 (full 0):
 garbage-first heap   total 61440K, used 30506K [0x0000000702800000, 0x0000000800000000)
  region size 2048K, 2 young (4096K), 2 survivors (4096K)
 Metaspace       used 65921K, committed 66752K, reserved 1114112K
  class space    used 9195K, committed 9536K, reserved 1048576K
}
Event: 21.499 GC heap before
{Heap before GC invocations=18 (full 0):
 garbage-first heap   total 61440K, used 30506K [0x0000000702800000, 0x0000000800000000)
  region size 2048K, 3 young (6144K), 2 survivors (4096K)
 Metaspace       used 66054K, committed 66880K, reserved 1114112K
  class space    used 9216K, committed 9600K, reserved 1048576K
}
Event: 21.501 GC heap after
{Heap after GC invocations=19 (full 0):
 garbage-first heap   total 61440K, used 30638K [0x0000000702800000, 0x0000000800000000)
  region size 2048K, 2 young (4096K), 2 survivors (4096K)
 Metaspace       used 66054K, committed 66880K, reserved 1114112K
  class space    used 9216K, committed 9600K, reserved 1048576K
}
Event: 192.733 GC heap before
{Heap before GC invocations=20 (full 0):
 garbage-first heap   total 61440K, used 49070K [0x0000000702800000, 0x0000000800000000)
  region size 2048K, 12 young (24576K), 2 survivors (4096K)
 Metaspace       used 68038K, committed 68864K, reserved 1114112K
  class space    used 9566K, committed 9920K, reserved 1048576K
}
Event: 192.735 GC heap after
{Heap after GC invocations=21 (full 0):
 garbage-first heap   total 61440K, used 30890K [0x0000000702800000, 0x0000000800000000)
  region size 2048K, 2 young (4096K), 2 survivors (4096K)
 Metaspace       used 68038K, committed 68864K, reserved 1114112K
  class space    used 9566K, committed 9920K, reserved 1048576K
}
Event: 543.509 GC heap before
{Heap before GC invocations=21 (full 0):
 garbage-first heap   total 61440K, used 51370K [0x0000000702800000, 0x0000000800000000)
  region size 2048K, 12 young (24576K), 2 survivors (4096K)
 Metaspace       used 68038K, committed 68864K, reserved 1114112K
  class space    used 9566K, committed 9920K, reserved 1048576K
}
Event: 543.512 GC heap after
{Heap after GC invocations=22 (full 0):
 garbage-first heap   total 61440K, used 30436K [0x0000000702800000, 0x0000000800000000)
  region size 2048K, 1 young (2048K), 1 survivors (2048K)
 Metaspace       used 68038K, committed 68864K, reserved 1114112K
  class space    used 9566K, committed 9920K, reserved 1048576K
}
Event: 928.767 GC heap before
{Heap before GC invocations=22 (full 0):
 garbage-first heap   total 61440K, used 52964K [0x0000000702800000, 0x0000000800000000)
  region size 2048K, 12 young (24576K), 1 survivors (2048K)
 Metaspace       used 68038K, committed 68864K, reserved 1114112K
  class space    used 9566K, committed 9920K, reserved 1048576K
}
Event: 928.770 GC heap after
{Heap after GC invocations=23 (full 0):
 garbage-first heap   total 61440K, used 30283K [0x0000000702800000, 0x0000000800000000)
  region size 2048K, 1 young (2048K), 1 survivors (2048K)
 Metaspace       used 68038K, committed 68864K, reserved 1114112K
  class space    used 9566K, committed 9920K, reserved 1048576K
}
Event: 1315.231 GC heap before
{Heap before GC invocations=24 (full 0):
 garbage-first heap   total 61440K, used 52811K [0x0000000702800000, 0x0000000800000000)
  region size 2048K, 12 young (24576K), 1 survivors (2048K)
 Metaspace       used 67608K, committed 68864K, reserved 1114112K
  class space    used 9456K, committed 9920K, reserved 1048576K
}
Event: 1315.234 GC heap after
{Heap after GC invocations=25 (full 0):
 garbage-first heap   total 61440K, used 30295K [0x0000000702800000, 0x0000000800000000)
  region size 2048K, 1 young (2048K), 1 survivors (2048K)
 Metaspace       used 67608K, committed 68864K, reserved 1114112K
  class space    used 9456K, committed 9920K, reserved 1048576K
}
Event: 1702.262 GC heap before
{Heap before GC invocations=25 (full 0):
 garbage-first heap   total 61440K, used 52823K [0x0000000702800000, 0x0000000800000000)
  region size 2048K, 12 young (24576K), 1 survivors (2048K)
 Metaspace       used 67608K, committed 68864K, reserved 1114112K
  class space    used 9456K, committed 9920K, reserved 1048576K
}
Event: 1702.265 GC heap after
{Heap after GC invocations=26 (full 0):
 garbage-first heap   total 61440K, used 28590K [0x0000000702800000, 0x0000000800000000)
  region size 2048K, 1 young (2048K), 1 survivors (2048K)
 Metaspace       used 67608K, committed 68864K, reserved 1114112K
  class space    used 9456K, committed 9920K, reserved 1048576K
}
Event: 2014.417 GC heap before
{Heap before GC invocations=26 (full 0):
 garbage-first heap   total 61440K, used 53166K [0x0000000702800000, 0x0000000800000000)
  region size 2048K, 13 young (26624K), 1 survivors (2048K)
 Metaspace       used 67631K, committed 68928K, reserved 1114112K
  class space    used 9461K, committed 9920K, reserved 1048576K
}
Event: 2014.420 GC heap after
{Heap after GC invocations=27 (full 0):
 garbage-first heap   total 61440K, used 29419K [0x0000000702800000, 0x0000000800000000)
  region size 2048K, 1 young (2048K), 1 survivors (2048K)
 Metaspace       used 67631K, committed 68928K, reserved 1114112K
  class space    used 9461K, committed 9920K, reserved 1048576K
}
Event: 2423.369 GC heap before
{Heap before GC invocations=28 (full 0):
 garbage-first heap   total 61440K, used 53995K [0x0000000702800000, 0x0000000800000000)
  region size 2048K, 13 young (26624K), 1 survivors (2048K)
 Metaspace       used 67631K, committed 68928K, reserved 1114112K
  class space    used 9461K, committed 9920K, reserved 1048576K
}
Event: 2423.371 GC heap after
{Heap after GC invocations=29 (full 0):
 garbage-first heap   total 61440K, used 29621K [0x0000000702800000, 0x0000000800000000)
  region size 2048K, 1 young (2048K), 1 survivors (2048K)
 Metaspace       used 67631K, committed 68928K, reserved 1114112K
  class space    used 9461K, committed 9920K, reserved 1048576K
}
Event: 2750.484 GC heap before
{Heap before GC invocations=29 (full 0):
 garbage-first heap   total 61440K, used 52149K [0x0000000702800000, 0x0000000800000000)
  region size 2048K, 13 young (26624K), 1 survivors (2048K)
 Metaspace       used 67663K, committed 68928K, reserved 1114112K
  class space    used 9468K, committed 9920K, reserved 1048576K
}
Event: 2750.487 GC heap after
{Heap after GC invocations=30 (full 0):
 garbage-first heap   total 61440K, used 30354K [0x0000000702800000, 0x0000000800000000)
  region size 2048K, 2 young (4096K), 2 survivors (4096K)
 Metaspace       used 67663K, committed 68928K, reserved 1114112K
  class space    used 9468K, committed 9920K, reserved 1048576K
}
Event: 2926.737 GC heap before
{Heap before GC invocations=30 (full 0):
 garbage-first heap   total 61440K, used 42642K [0x0000000702800000, 0x0000000800000000)
  region size 2048K, 9 young (18432K), 2 survivors (4096K)
 Metaspace       used 67816K, committed 68928K, reserved 1114112K
  class space    used 9505K, committed 9920K, reserved 1048576K
}

